<?xml version="1.0" encoding="UTF-8"?>
<!-- Generated by org.testng.reporters.JUnitXMLReporter -->
<testsuite hostname="Lenovo-PC" name="Default test" tests="6" failures="0" timestamp="10 Aug 2018 17:30:33 GMT" time="43.283" errors="0">
  <testcase name="mainBody" time="0.78" classname="datadrive.Testcasedriven"/>
  <testcase name="mainBody" time="1.175" classname="datadrive.Testcasedriven"/>
  <testcase name="mainBody" time="0.58" classname="datadrive.Testcasedriven"/>
  <testcase name="mainBody" time="0.56" classname="datadrive.Testcasedriven"/>
  <testcase name="mainBody" time="1.295" classname="datadrive.Testcasedriven"/>
  <testcase name="mainBody" time="1.065" classname="datadrive.Testcasedriven"/>
</testsuite> <!-- Default test -->
