<?xml version="1.0" encoding="UTF-8"?>
<!-- Generated by org.testng.reporters.JUnitXMLReporter -->
<testsuite hostname="Lenovo-PC" name="Test" tests="4" failures="0" timestamp="26 Jul 2018 02:10:13 GMT" time="14.285" errors="0">
  <testcase name="m1" time="0.145" classname="testng.vio.h1"/>
  <testcase name="m2" time="0.055" classname="testng.vio.h1"/>
  <testcase name="m1" time="2.244" classname="testng.vio.h2"/>
  <testcase name="m2" time="0.098" classname="testng.vio.h2"/>
</testsuite> <!-- Test -->
