<?xml version="1.0" encoding="UTF-8"?>
<testng-results skipped="0" failed="0" total="4" passed="4">
  <reporter-output>
  </reporter-output>
  <suite name="Suite" duration-ms="14285" started-at="2018-07-26T02:09:59Z" finished-at="2018-07-26T02:10:13Z">
    <groups>
    </groups>
    <test name="Test" duration-ms="14285" started-at="2018-07-26T02:09:59Z" finished-at="2018-07-26T02:10:13Z">
      <class name="testng.vio.h1">
        <test-method status="PASS" signature="Bclas()[pri:0, instance:testng.vio.h1@11be3c5]" name="Bclas" is-config="true" duration-ms="7256" started-at="2018-07-26T07:39:59Z" finished-at="2018-07-26T07:40:06Z">
          <reporter-output>
          </reporter-output>
        </test-method> <!-- Bclas -->
        <test-method status="PASS" signature="m1()[pri:0, instance:testng.vio.h1@11be3c5]" name="m1" duration-ms="145" started-at="2018-07-26T07:40:06Z" finished-at="2018-07-26T07:40:07Z">
          <reporter-output>
          </reporter-output>
        </test-method> <!-- m1 -->
        <test-method status="PASS" signature="m2()[pri:0, instance:testng.vio.h1@11be3c5]" name="m2" duration-ms="55" started-at="2018-07-26T07:40:07Z" finished-at="2018-07-26T07:40:07Z">
          <reporter-output>
          </reporter-output>
        </test-method> <!-- m2 -->
        <test-method status="PASS" signature="Aftrclass()[pri:0, instance:testng.vio.h1@11be3c5]" name="Aftrclass" is-config="true" duration-ms="11" started-at="2018-07-26T07:40:07Z" finished-at="2018-07-26T07:40:07Z">
          <reporter-output>
          </reporter-output>
        </test-method> <!-- Aftrclass -->
      </class> <!-- testng.vio.h1 -->
      <class name="testng.vio.h2">
        <test-method status="PASS" signature="Bclas()[pri:0, instance:testng.vio.h2@1560810]" name="Bclas" is-config="true" duration-ms="2435" started-at="2018-07-26T07:40:07Z" finished-at="2018-07-26T07:40:09Z">
          <reporter-output>
          </reporter-output>
        </test-method> <!-- Bclas -->
        <test-method status="PASS" signature="m1()[pri:0, instance:testng.vio.h2@1560810]" name="m1" duration-ms="2244" started-at="2018-07-26T07:40:09Z" finished-at="2018-07-26T07:40:11Z">
          <reporter-output>
          </reporter-output>
        </test-method> <!-- m1 -->
        <test-method status="PASS" signature="m2()[pri:0, instance:testng.vio.h2@1560810]" name="m2" duration-ms="98" started-at="2018-07-26T07:40:11Z" finished-at="2018-07-26T07:40:11Z">
          <reporter-output>
          </reporter-output>
        </test-method> <!-- m2 -->
        <test-method status="PASS" signature="Aftrclass()[pri:0, instance:testng.vio.h2@1560810]" name="Aftrclass" is-config="true" duration-ms="2014" started-at="2018-07-26T07:40:11Z" finished-at="2018-07-26T07:40:13Z">
          <reporter-output>
          </reporter-output>
        </test-method> <!-- Aftrclass -->
      </class> <!-- testng.vio.h2 -->
    </test> <!-- Test -->
  </suite> <!-- Suite -->
</testng-results>
